{
  message: 'aca',
  level: 'info',
  label: 'Voter Server',
  timestamp: '2020-05-08T14:36:49.810Z'
}
{
  message: 'aca',
  level: 'info',
  label: 'Voter Server',
  timestamp: '2020-05-08T15:38:03.831Z'
}
{
  message: 'aca',
  level: 'info',
  label: 'Voter Server',
  timestamp: '2020-05-08T15:38:29.332Z'
}
{
  message: 'aca',
  level: 'info',
  label: 'Voter Server',
  timestamp: '2020-05-08T15:38:31.123Z'
}
{
  message: 'aca',
  level: 'info',
  label: 'Voter Server',
  timestamp: '2020-05-08T15:39:01.862Z'
}
{
  message: 'aca',
  level: 'info',
  label: 'Voter Server',
  timestamp: '2020-05-08T15:39:39.385Z'
}
{
  message: 'aca',
  level: 'info',
  label: 'Voter Server',
  timestamp: '2020-05-08T15:39:54.551Z'
}
{
  message: 'aca',
  level: 'info',
  label: 'Voter Server',
  timestamp: '2020-05-08T15:40:02.837Z'
}
{
  message: 'aca',
  level: 'info',
  label: 'Voter Server',
  timestamp: '2020-05-08T15:40:31.096Z'
}
{
  message: 'aca',
  level: 'info',
  label: 'Voter Server',
  timestamp: '2020-05-08T15:40:35.969Z'
}
{
  message: 'aca',
  level: 'info',
  label: 'Voter Server',
  timestamp: '2020-05-08T15:40:45.034Z'
}
{
  message: 'aca',
  level: 'info',
  label: 'Voter Server',
  timestamp: '2020-05-08T15:40:48.997Z'
}
{
  message: 'aca',
  level: 'info',
  label: 'Voter Server',
  timestamp: '2020-05-08T15:54:21.647Z'
}
{
  message: 'aca',
  level: 'info',
  label: 'Voter Server',
  timestamp: '2020-05-08T15:54:23.799Z'
}
{
  message: 'aca',
  level: 'info',
  label: 'Voter Server',
  timestamp: '2020-05-08T15:54:24.404Z'
}
{
  message: 'aca',
  level: 'info',
  label: 'Voter Server',
  timestamp: '2020-05-08T15:54:26.643Z'
}
{
  message: 'aca',
  level: 'info',
  label: 'Voter Server',
  timestamp: '2020-05-08T15:56:22.648Z'
}
{
  message: 'aca',
  level: 'info',
  label: 'Voter Server',
  timestamp: '2020-05-08T15:57:45.069Z'
}
{
  message: 'aca',
  level: 'info',
  label: 'Voter Server',
  timestamp: '2020-05-08T15:58:53.082Z'
}
